<?xml version="1.0" encoding="UTF-8"?>
<!-- Generated by org.testng.reporters.JUnitReportReporter -->
<testsuite skipped="0" hostname="DESKTOP-FT6J0VL" name="qaclickacademy.MavenJava.AppiumTest" tests="2" failures="0" timestamp="05 May 2021 19:30:06 GMT" time="0.002" errors="0">
  <testcase name="iosApp" time="0.001" classname="qaclickacademy.MavenJava.AppiumTest"/>
  <testcase name="negativeApi" time="0.001" classname="qaclickacademy.MavenJava.AppiumTest"/>
</testsuite> <!-- qaclickacademy.MavenJava.AppiumTest -->
