<?xml version="1.0" encoding="UTF-8"?>
<!-- Generated by org.testng.reporters.JUnitReportReporter -->
<testsuite skipped="0" hostname="DESKTOP-FT6J0VL" name="qaclickacademy.MavenJava.SeleniumTest" tests="2" failures="0" timestamp="05 May 2021 19:30:06 GMT" time="0.002" errors="0">
  <testcase name="BrowserAction" time="0.000" classname="qaclickacademy.MavenJava.SeleniumTest"/>
  <testcase name="elementUI" time="0.002" classname="qaclickacademy.MavenJava.SeleniumTest"/>
</testsuite> <!-- qaclickacademy.MavenJava.SeleniumTest -->
