<?xml version="1.0" encoding="UTF-8"?>
<!-- Generated by org.testng.reporters.JUnitReportReporter -->
<testsuite skipped="0" hostname="DESKTOP-FT6J0VL" name="qaclickacademy.MavenJava.RestApiTest" tests="2" failures="0" timestamp="05 May 2021 19:30:06 GMT" time="0.030" errors="0">
  <testcase name="postJira" time="0.002" classname="qaclickacademy.MavenJava.RestApiTest"/>
  <testcase name="deleteTwitter" time="0.028" classname="qaclickacademy.MavenJava.RestApiTest"/>
</testsuite> <!-- qaclickacademy.MavenJava.RestApiTest -->
